<?xml version="1.0" encoding="UTF-8"?>
<!-- Generated by org.testng.reporters.JUnitXMLReporter -->
<testsuite hostname="Arun-PC" ignored="3" name="Default test" tests="1" failures="0" timestamp="27 Apr 2024 12:05:32 GMT" time="3.013" errors="0">
  <testcase name="deleteaId" time="2.935" classname="com.restAssue.pract.GetAllData"/>
  <testcase name="getAllStudData" time="0.0" classname="com.restAssue.pract.GetAllData">
    <ignored/>
  </testcase> <!-- getAllStudData -->
  <testcase name="updateStudent" time="0.0" classname="com.restAssue.pract.GetAllData">
    <ignored/>
  </testcase> <!-- updateStudent -->
  <testcase name="creatAnemployee" time="0.0" classname="com.restAssue.pract.GetAllData">
    <ignored/>
  </testcase> <!-- creatAnemployee -->
</testsuite> <!-- Default test -->
