<?xml version="1.0" encoding="UTF-8"?>
<!-- Generated by org.testng.reporters.JUnitXMLReporter -->
<testsuite hostname="Arun-PC" ignored="1" name="Default test" tests="1" failures="0" timestamp="29 Apr 2024 03:20:21 GMT" time="4.093" errors="0">
  <testcase name="jsonschmaValidationwithoutClasspath" time="4.0" classname="com.restAssue.pract.JsonSchemaValidat17_18"/>
  <testcase name="jsonschmaValidation" time="0.0" classname="com.restAssue.pract.JsonSchemaValidat17_18">
    <ignored/>
  </testcase> <!-- jsonschmaValidation -->
</testsuite> <!-- Default test -->
