<?xml version="1.0" encoding="UTF-8"?>
<testng-results skipped="0" failed="0" ignored="1" total="2" passed="1">
  <reporter-output>
  </reporter-output>
  <suite name="Default suite" duration-ms="4093" started-at="2024-04-29T03:20:17Z" finished-at="2024-04-29T03:20:21Z">
    <groups>
    </groups>
    <test name="Default test" duration-ms="4093" started-at="2024-04-29T03:20:17Z" finished-at="2024-04-29T03:20:21Z">
      <class name="com.restAssue.pract.JsonSchemaValidat17_18">
        <test-method status="PASS" signature="jsonschmaValidationwithoutClasspath()[pri:0, instance:com.restAssue.pract.JsonSchemaValidat17_18@1622fdf]" name="jsonschmaValidationwithoutClasspath" duration-ms="4000" started-at="2024-04-29T08:50:17Z" finished-at="2024-04-29T08:50:21Z">
          <reporter-output>
          </reporter-output>
        </test-method> <!-- jsonschmaValidationwithoutClasspath -->
      </class> <!-- com.restAssue.pract.JsonSchemaValidat17_18 -->
    </test> <!-- Default test -->
  </suite> <!-- Default suite -->
</testng-results>
